<?xml version="1.0" encoding="UTF-8"?>
<robot generator="Robot 5.0.1 (Python 3.9.2 on win32)" generated="20220801 13:01:28.983" rpa="false" schemaversion="3">
<suite id="s1" name="Marvel1" source="C:\Users\diego.rodrigues\Desktop\teste_marvel0\marvel1.robot">
<kw name="Criar Configuracao Inicial do Teste" library="marvel1" type="SETUP">
<kw name="Create Session" library="RequestsLibrary">
<arg>request_marvel_char</arg>
<arg>${BASE_URL_MARVEL}</arg>
<arg>verify=true</arg>
<arg>headers=${HEADERS}</arg>
<doc>Create Session: create a HTTP session to a server</doc>
<msg timestamp="20220801 13:01:29.113" level="INFO">Creating Session using : alias=request_marvel_char, url=https://gateway.marvel.com, headers={'Referer': 'developer.marvel.com', 'Content-Type': 'application/json'},                     cookies={}, auth=None, timeout=None, proxies=None, verify=True,                     debug=0 </msg>
<status status="PASS" starttime="20220801 13:01:29.112" endtime="20220801 13:01:29.113"/>
</kw>
<status status="PASS" starttime="20220801 13:01:29.112" endtime="20220801 13:01:29.113"/>
</kw>
<test id="s1-t1" name="Testar API Char da Marvel" line="6">
<kw name="Realizar requisicao GET" library="marvel1">
<kw name="GET On Session" library="RequestsLibrary">
<var>${response_char}</var>
<arg>request_marvel_char</arg>
<arg>/v1/public/creators</arg>
<arg>params=apikey=${API_KEY}</arg>
<doc>Sends a GET request on a previously created HTTP Session.</doc>
<msg timestamp="20220801 13:01:29.939" level="INFO">GET Request : url=https://gateway.marvel.com/v1/public/creators?apikey=ee066f938f2a540b2747d5c28bc3e8ae 
 path_url=/v1/public/creators?apikey=ee066f938f2a540b2747d5c28bc3e8ae 
 headers={'User-Agent': 'python-requests/2.28.1', 'Accept-Encoding': 'gzip, deflate', 'Accept': '*/*', 'Connection': 'keep-alive', 'Referer': 'developer.marvel.com', 'Content-Type': 'application/json'} 
 body=None 
 </msg>
<msg timestamp="20220801 13:01:29.939" level="INFO">GET Response : url=https://gateway.marvel.com/v1/public/creators?apikey=ee066f938f2a540b2747d5c28bc3e8ae 
 status=200, reason=OK 
 headers={'Content-Encoding': 'gzip', 'ETag': 'd95bbc46906534ebe3cdaed67c653e4b84f5c805', 'Content-Type': 'application/json; charset=utf-8', 'Date': 'Mon, 01 Aug 2022 16:07:44 GMT', 'Connection': 'keep-alive', 'Transfer-Encoding': 'chunked'} 
 body={"code":200,"status":"Ok","copyright":"© 2022 MARVEL","attributionText":"Data provided by Marvel. © 2022 MARVEL","attributionHTML":"&lt;a href=\"http://marvel.com\"&gt;Data provided by Marvel. © 2022 MARVEL&lt;/a&gt;","etag":"d95bbc46906534ebe3cdaed67c653e4b84f5c805","data":{"offset":0,"limit":20,"total":5728,"count":20,"results":[{"id":13970,"firstName":"#O","middleName":"","lastName":"","suffix":"","fullName":"#O","modified":"2019-12-11T17:10:07-0500","thumbnail":{"path":"http://i.annihil.us/u/prod/marvel/i/mg/b/40/image_not_available","extension":"jpg"},"resourceURI":"http://gateway.marvel.com/v1/public/creators/13970","comics":{"available":4,"collectionURI":"http://gateway.marvel.com/v1/public/creators/13970/comics","items":[{"resourceURI":"http://gateway.marvel.com/v1/public/comics/8546","name":"Earth X (1999)"},{"resourceURI":"http://gateway.marvel.com/v1/public/comics/10492","name":"Paradise X (2002)"},{"resourceURI":"http://gateway.marvel.com/v1/public/comics/15902","name":"Paradise X Vol. 1 (Trade Paperback)"},{"resourceURI":"http://gateway.marvel.com/v1/public/comics/11914","name":"Universe X (2000)"}],"returned":4},"series":{"available":4,"collectionURI":"http://gateway.marvel.com/v1/public/creators/13970/series","items":[{"resourceURI":"http://gateway.marvel.com/v1/public/series/378","name":"Earth X (1999 - 2000)"},{"resourceURI":"http://gateway.marvel.com/v1/public/series/2059","name":"Paradise X (2002 - 2003)"},{"resourceURI":"http://gateway.marvel.com/v1/public/series/2431","name":"Paradise X Vol. 1 (2007)"},{"resourceURI":"http://gateway.marvel.com/v1/public/series/2085","name":"Universe X (2000 - 2001)"}],"returned":4},"stories":{"available":3,"collectionURI":"http://gateway.marvel.com/v1/public/creators/13970/stories","items":[{"resourceURI":"http://gateway.marvel.com/v1/public/stories/25655","name":"interior","type":"interiorStory"},{"resourceURI":"http://gateway.marvel.com/v1/public/stories/26016","name":"Paradise X Issue 0","type":"interiorStory"},{"resourceURI":"http://gateway.marvel.com/v1/public/stories/26318","name":"interior Earth X #O","type":"interiorStory"}],"returned":3},"events":{"available":0,"collectionURI":"http://gateway.marvel.com/v1/public/creators/13970/events","items":[],"returned":0},"urls":[{"type":"detail","url":"http://marvel.com/comics/creators/13970/o?utm_campaign=apiRef&amp;utm_source=ee066f938f2a540b2747d5c28bc3e8ae"}]},{"id":13971,"firstName":"#X","middleName":"","lastName":"","suffix":"","fullName":"#X","modified":"2019-12-11T17:21:29-0500","thumbnail":{"path":"http://i.annihil.us/u/prod/marvel/i/mg/b/40/image_not_available","extension":"jpg"},"resourceURI":"http://gateway.marvel.com/v1/public/creators/13971","comics":{"available":4,"collectionURI":"http://gateway.marvel.com/v1/public/creators/13971/comics","items":[{"resourceURI":"http://gateway.marvel.com/v1/public/comics/4241","name":"EARTH X TPB [NEW PRINTING] (Trade Paperback)"},{"resourceURI":"http://gateway.marvel.com/v1/public/comics/8547","name":"Earth X (1999) #13"},{"resourceURI":"http://gateway.marvel.com/v1/public/comics/69274","name":"Paradise X (2002)"},{"resourceURI":"http://gateway.marvel.com/v1/public/comics/11901","name":"Universe X (2000)"}],"returned":4},"series":{"available":4,"collectionURI":"http://gateway.marvel.com/v1/public/creators/13971/series","items":[{"resourceURI":"http://gateway.marvel.com/v1/public/series/378","name":"Earth X (1999 - 2000)"},{"resourceURI":"http://gateway.marvel.com/v1/public/series/1806","name":"EARTH X TPB [NEW PRINTING] (2006)"},{"resourceURI":"http://gateway.marvel.com/v1/public/series/2059","name":"Paradise X (2002 - 2003)"},{"resourceURI":"http://gateway.marvel.com/v1/public/series/2085","name":"Universe X (2000 - 2001)"}],"returned":4},"stories":{"available":4,"collectionURI":"http://gateway.marvel.com/v1/public/creators/13971/stories","items":[{"resourceURI":"http://gateway.marvel.com/v1/public/stories/24903","name":"Earth X","type":"interiorStory"},{"resourceURI":"http://gateway.marvel.com/v1/public/stories/24941","name":"Earth X Chapter X","type":"interiorStory"},{"resourceURI":"http://gateway.marvel.com/v1/public/stories/25632","name":"interior X","type":"interiorStory"},{"resourceURI":"http://gateway.marvel.com/v1/public/stories/152331","name":"story from Paradise X (2003) #X","type":"interiorStory"}],"returned":4},"events":{"available":0,"collectionURI":"http://gateway.marvel.com/v1/public/creators/13971/events","items":[],"returned":0},"urls":[{"type":"detail","url":"http://marvel.com/comics/creators/13971/x?utm_campaign=apiRef&amp;utm_source=ee066f938f2a540b2747d5c28bc3e8ae"}]},{"id":6606,"firstName":"A.R.K.","middleName":"","lastName":"","suffix":"","fullName":"A.R.K.","modified":"2007-01-02T00:00:00-0500","thumbnail":{"path":"http://i.annihil.us/u/prod/marvel/i/mg/b/40/image_not_available","extension":"jpg"},"resourceURI":"http://gateway.marvel.com/v1/public/creators/6606","comics":{"available":0,"collectionURI":"http://gateway.marvel.com/v1/public/creators/6606/comics","items":[],"returned":0},"series":{"available":0,"collectionURI":"http://gateway.marvel.com/v1/public/creators/6606/series","items":[],"returned":0},"stories":{"available":0,"collectionURI":"http://gateway.marvel.com/v1/public/creators/6606/stories","items":[],"returned":0},"events":{"available":0,"collectionURI":"http://gateway.marvel.com/v1/public/creators/6606/events","items":[],"returned":0},"urls":[{"type":"detail","url":"http://marvel.com/comics/creators/6606/ark.?utm_campaign=apiRef&amp;utm_source=ee066f938f2a540b2747d5c28bc3e8ae"}]},{"id":1168,"firstName":"All Thumbs Creative","middleName":"","lastName":"","suffix":"","fullName":"All Thumbs Creative","modified":"2018-07-24T11:50:20-0400","thumbnail":{"path":"http://i.annihil.us/u/prod/marvel/i/mg/b/40/image_not_available","extension":"jpg"},"resourceURI":"http://gateway.marvel.com/v1/public/creators/1168","comics":{"available":14,"collectionURI":"http://gateway.marvel.com/v1/public/creators/1168/comics","items":[{"resourceURI":"http://gateway.marvel.com/v1/public/comics/68960","name":"Marvel Masterworks: Captain America Vol. 10 (Hardcover)"},{"resourceURI":"http://gateway.marvel.com/v1/public/comics/28003","name":"Marvel Masterworks: Captain America Vol. 5 (Hardcover)"},{"resourceURI":"http://gateway.marvel.com/v1/public/comics/25797","name":"Marvel Masterworks: Deathlok Vol. 1 (Hardcover)"},{"resourceURI":"http://gateway.marvel.com/v1/public/comics/62853","name":"Marvel Masterworks: Doctor Strange Vol. 8 (Hardcover)"},{"resourceURI":"http://gateway.marvel.com/v1/public/comics/60438","name":"Marvel Masterworks: Marvel Two-In-One Vol. 2 (Hardcover)"},{"resourceURI":"http://gateway.marvel.com/v1/public/comics/66207","name":"Marvel Masterworks: Marvel Two-In-One Vol. 3 (Hardcover)"},{"resourceURI":"http://gateway.marvel.com/v1/public/comics/21816","name":"Marvel Masterworks: The Amazing Spider-Man Vol. 10 (Hardcover)"},{"resourceURI":"http://gateway.marvel.com/v1/public/comics/66777","name":"Marvel Masterworks: The Avengers Vol. 18 (Hardcover)"},{"resourceURI":"http://gateway.marvel.com/v1/public/comics/24297","name":"Marvel Masterworks: The Avengers Vol. 9 (Hardcover)"},{"resourceURI":"http://gateway.marvel.com/v1/public/comics/40080","name":"Marvel Masterworks: The Fantastic Four (Hardcover)"},{"resourceURI":"http://gateway.marvel.com/v1/public/comics/28021","name":"Marvel Masterworks: The Fantastic Four Vol. 12 (Hardcover)"},{"resourceURI":"http://gateway.marvel.com/v1/public/comics/60444","name":"Marvel Masterworks: The Fantastic Four Vol. 19 (Hardcover)"},{"resourceURI":"http://gateway.marvel.com/v1/public/comics/67357","name":"Marvel Masterworks: The Fantastic Four Vol. 20 (Hardcover)"},{"resourceURI":"http://gateway.marvel.com/v1/public/comics/64430","name":"Punisher: Back to The War Omnibus (Hardcover)"}],"returned":14},"series":{"available":14,"collectionURI":"http://gateway.marvel.com/v1/public/creators/1168/series","items":[{"resourceURI":"http://gateway.marvel.com/v1/public/series/25021","name":"Marvel Masterworks: Captain America Vol. 10 (2018)"},{"resourceURI":"http://gateway.marvel.com/v1/public/series/8967","name":"Marvel Masterworks: Captain America Vol. 5 (2010 - Present)"},{"resourceURI":"http://gateway.marvel.com/v1/public/series/8031","name":"Marvel Masterworks: Deathlok Vol. 1 (2009 - Present)"},{"resourceURI":"http://gateway.marvel.com/v1/public/series/23051","name":"Marvel Masterworks: Doctor Strange Vol. 8 (2017)"},{"resourceURI":"http://gateway.marvel.com/v1/public/series/22319","name":"Marvel Masterworks: Marvel Two-In-One Vol. 2 (2017)"},{"resourceURI":"http://gateway.marvel.com/v1/public/series/24004","name":"Marvel Masterworks: Marvel Two-In-One Vol. 3 (2018)"},{"resourceURI":"http://gateway.marvel.com/v1/public/series/5398","name":"Marvel Masterworks: The Amazing Spider-Man Vol. 10 (2008)"},{"resourceURI":"http://gateway.marvel.com/v1/public/series/24158","name":"Marvel Masterworks: The Avengers Vol. 18 (2018)"},{"resourceURI":"http://gateway.marvel.com/v1/public/series/7494","name":"Marvel Masterworks: The Avengers Vol. 9 (2009 - Present)"},{"resourceURI":"http://gateway.marvel.com/v1/public/series/14879","name":"Marvel Masterworks: The Fantastic Four (2011 - Present)"},{"resourceURI":"http://gateway.marvel.com/v1/public/series/8985","name":"Marvel Masterworks: The Fantastic Four Vol. 12 (2010 - Present)"},{"resourceURI":"http://gateway.marvel.com/v1/public/series/22325","name":"Marvel Masterworks: The Fantastic Four Vol. 19 (2017)"},{"resourceURI":"http://gateway.marvel.com/v1/public/series/24345","name":"Marvel Masterworks: The Fantastic Four Vol. 20 (2018)"},{"resourceURI":"http://gateway.marvel.com/v1/public/series/23460","name":"Punisher: Back to The War Omnibus (2017)"}],"returned":14},"stories":{"available":25,"collectionURI":"http://gateway.marvel.com/v1/public/creators/1168/stories","items":[{"resourceURI":"http://gateway.marvel.com/v1/public/stories/47950","name":"Amazing Spider-Man 88-99","type":"interio... (set the log level to DEBUG or TRACE to see the full content) 
 </msg>
<msg timestamp="20220801 13:01:29.940" level="INFO">${response_char} = &lt;Response [200]&gt;</msg>
<status status="PASS" starttime="20220801 13:01:29.114" endtime="20220801 13:01:29.940"/>
</kw>
<kw name="Set Test Variable" library="BuiltIn">
<arg>${response_char}</arg>
<doc>Makes a variable available everywhere within the scope of the current test.</doc>
<msg timestamp="20220801 13:01:29.940" level="INFO">${response_char} = &lt;Response [200]&gt;</msg>
<status status="PASS" starttime="20220801 13:01:29.940" endtime="20220801 13:01:29.940"/>
</kw>
<status status="PASS" starttime="20220801 13:01:29.114" endtime="20220801 13:01:29.940"/>
</kw>
<kw name="Validar se status" library="marvel1">
<kw name="Request Should Be Successful" library="RequestsLibrary">
<arg>${response_char}</arg>
<doc>Fails if response status code is a client or server error (4xx, 5xx).</doc>
<status status="PASS" starttime="20220801 13:01:29.941" endtime="20220801 13:01:29.941"/>
</kw>
<status status="PASS" starttime="20220801 13:01:29.941" endtime="20220801 13:01:29.941"/>
</kw>
<kw name="Validar se a chave &quot;code&quot; esta preenchida" library="marvel1">
<kw name="Convert To Integer" library="BuiltIn">
<var>${StatusCodeInt}</var>
<arg>200</arg>
<doc>Converts the given item to an integer number.</doc>
<msg timestamp="20220801 13:01:29.942" level="INFO">${StatusCodeInt} = 200</msg>
<status status="PASS" starttime="20220801 13:01:29.942" endtime="20220801 13:01:29.942"/>
</kw>
<kw name="Should Be Equal" library="BuiltIn">
<arg>${response_char.json()}[code]</arg>
<arg>${StatusCodeInt}</arg>
<doc>Fails if the given objects are unequal.</doc>
<status status="PASS" starttime="20220801 13:01:29.942" endtime="20220801 13:01:29.943"/>
</kw>
<status status="PASS" starttime="20220801 13:01:29.942" endtime="20220801 13:01:29.943"/>
</kw>
<kw name="Validar se a chave &quot;copyright&quot; esta preenchida" library="marvel1">
<kw name="Should Be Equal" library="BuiltIn">
<arg>${response_char.json()}[copyright]</arg>
<arg>© 2022 MARVEL</arg>
<doc>Fails if the given objects are unequal.</doc>
<status status="PASS" starttime="20220801 13:01:29.944" endtime="20220801 13:01:29.945"/>
</kw>
<status status="PASS" starttime="20220801 13:01:29.944" endtime="20220801 13:01:29.945"/>
</kw>
<status status="PASS" starttime="20220801 13:01:29.114" endtime="20220801 13:01:29.945"/>
</test>
<status status="PASS" starttime="20220801 13:01:28.986" endtime="20220801 13:01:29.946"/>
</suite>
<statistics>
<total>
<stat pass="1" fail="0" skip="0">All Tests</stat>
</total>
<tag>
</tag>
<suite>
<stat pass="1" fail="0" skip="0" id="s1" name="Marvel1">Marvel1</stat>
</suite>
</statistics>
<errors>
</errors>
</robot>
